[01:17:27] [ServerMain/INFO]: Environment: Environment[sessionHost=https://sessionserver.mojang.com, servicesHost=https://api.minecraftservices.com, name=PROD]
[01:17:29] [ServerMain/INFO]: Loaded 1290 recipes
[01:17:30] [ServerMain/INFO]: Loaded 1399 advancements
[01:17:30] [Server thread/INFO]: Starting minecraft server version 1.21
[01:17:30] [Server thread/INFO]: Loading properties
[01:17:30] [Server thread/INFO]: This server is running Purpur version 1.21-2256-ver/1.21@de2e7a7 (2024-07-05T05:29:05Z) (Implementing API version 1.21-R0.1-SNAPSHOT)
[01:17:31] [Server thread/INFO]: Server Ping Player Sample Count: 12
[01:17:31] [Server thread/INFO]: Using 4 threads for Netty based IO
[01:17:32] [Server thread/INFO]: [ChunkTaskScheduler] Chunk system is using 1 I/O threads, 1 worker threads, and population gen parallelism of 1 threads
[01:17:33] [Server thread/INFO]: Default game type: SURVIVAL
[01:17:33] [Server thread/INFO]: Generating keypair
[01:17:34] [Server thread/INFO]: Starting Minecraft server on *:25565
[01:17:34] [Server thread/INFO]: Using epoll channel type
[01:17:34] [Server thread/INFO]: Paper: Using libdeflate (Linux x86_64) compression from Velocity.
[01:17:34] [Server thread/INFO]: Paper: Using OpenSSL 1.1.x (Linux x86_64) cipher from Velocity.
[01:17:34] [Server thread/WARN]: [org.bukkit.craftbukkit.legacy.CraftLegacy] Initializing Legacy Material Support. Unless you have legacy plugins and/or data this is a bug!
[01:17:45] [Server thread/WARN]: Legacy plugin BetterrandomMotd v1.1 does not specify an api-version.
[01:17:45] [Server thread/INFO]: [spark] Loading server plugin spark v1.10.93
[01:17:45] [Server thread/INFO]: [OnePlayerSleep] Loading server plugin OnePlayerSleep v3.3
[01:17:45] [Server thread/INFO]: [StormerTPA] Loading server plugin StormerTPA v0.0.6
[01:17:45] [Server thread/INFO]: [BetterrandomMotd] Loading server plugin BetterrandomMotd v1.1
[01:17:45] [Server thread/INFO]: [FastLeafDecay] Loading server plugin FastLeafDecay v1.0
[01:17:45] [Server thread/INFO]: [SkinsRestorer] Loading server plugin SkinsRestorer v15.4.0
[01:17:45] [Server thread/INFO]: [playit-gg] Loading server plugin playit-gg v0.1.4
[01:17:45] [Server thread/INFO]: Server permissions file permissions.yml is empty, ignoring it
[01:17:45] [Server thread/INFO]: [SkinsRestorer] Enabling SkinsRestorer v15.4.0
[01:17:48] [Server thread/INFO]: [SkinsRestorer] Running on Minecraft 1.21.
[01:17:50] [Server thread/INFO]: [SkinsRestorer] Using paper join listener!
[01:17:50] [Server thread/WARN]: **** SERVER IS RUNNING IN OFFLINE/INSECURE MODE!
[01:17:50] [Server thread/WARN]: The server will make no attempt to authenticate usernames. Beware.
[01:17:50] [Server thread/WARN]: While this makes the game possible to play without internet access, it also opens up the ability for hackers to connect with any username they choose.
[01:17:50] [Server thread/WARN]: To change this, set "online-mode" to "true" in the server.properties file.
[01:17:50] [Server thread/INFO]: Preparing level "world"
[01:17:50] [Folia Async Scheduler Thread #1/INFO]: [SkinsRestorer] ----------------------------------------------
[01:17:50] [Folia Async Scheduler Thread #1/INFO]: [SkinsRestorer]     +==================+
[01:17:50] [Folia Async Scheduler Thread #1/INFO]: [SkinsRestorer]     |   SkinsRestorer  |
[01:17:50] [Folia Async Scheduler Thread #1/INFO]: [SkinsRestorer]     |------------------|
[01:17:50] [Folia Async Scheduler Thread #1/INFO]: [SkinsRestorer]     |  Standalone Mode |
[01:17:50] [Folia Async Scheduler Thread #1/INFO]: [SkinsRestorer]     +==================+
[01:17:50] [Folia Async Scheduler Thread #1/INFO]: [SkinsRestorer] ----------------------------------------------
[01:17:50] [Folia Async Scheduler Thread #1/INFO]: [SkinsRestorer]     Version: 15.4.0
[01:17:50] [Folia Async Scheduler Thread #1/INFO]: [SkinsRestorer]     Commit: 7837da9
[01:17:50] [Folia Async Scheduler Thread #1/INFO]: [SkinsRestorer]     This is the latest version!
[01:17:50] [Folia Async Scheduler Thread #1/INFO]: [SkinsRestorer] ----------------------------------------------
[01:17:51] [Server thread/INFO]: Preparing start region for dimension minecraft:overworld
[01:17:53] [Server thread/INFO]: Time elapsed: 2253 ms
[01:17:53] [Server thread/INFO]: Preparing start region for dimension minecraft:the_nether
[01:17:54] [Server thread/INFO]: Time elapsed: 383 ms
[01:17:54] [Server thread/INFO]: Preparing start region for dimension minecraft:the_end
[01:17:54] [Server thread/INFO]: Time elapsed: 226 ms
[01:17:54] [Server thread/INFO]: [spark] Enabling spark v1.10.93
[01:17:55] [Server thread/INFO]: [spark] Using Paper ServerTickStartEvent for tick monitoring
[01:17:55] [Server thread/INFO]: [spark] Starting background profiler...
[01:17:56] [Server thread/INFO]: [OnePlayerSleep] Enabling OnePlayerSleep v3.3
[01:17:56] [Server thread/INFO]: [StormerTPA] Enabling StormerTPA v0.0.6
[01:17:56] [Server thread/INFO]: [BetterrandomMotd] Enabling BetterrandomMotd v1.1*
[01:17:56] [Server thread/INFO]: [FastLeafDecay] Enabling FastLeafDecay v1.0
[01:17:57] [Server thread/INFO]: [playit-gg] Enabling playit-gg v0.1.4
[01:17:59] [Thread-11/INFO]: [gg.playit.minecraft.PlayitKeysSetup] secret key found, checking
[01:17:59] [Thread-11/INFO]: [gg.playit.minecraft.PlayitKeysSetup] check secret
[01:17:59] [Server thread/INFO]: Starting GS4 status listener
[01:17:59] [Server thread/INFO]: Thread Query Listener started
[01:17:59] [Query Listener #1/INFO]: Query running on 0.0.0.0:25565
[01:17:59] [Server thread/INFO]: Running delayed init tasks
[01:17:59] [Server thread/INFO]: Done (28.793s)! For help, type "help"
[01:18:02] [Thread-11/INFO]: [gg.playit.minecraft.PlayitKeysSetup] found minecraft java tunnel: effects-iowa.joinmc.link
[01:18:02] [Thread-11/INFO]: [gg.playit.minecraft.PlayitManager] keys and tunnel setup
[01:18:02] [Thread-11/INFO]: playit.gg: tunnel setup
[01:18:02] [Thread-11/INFO]: playit.gg: effects-iowa.joinmc.link
[01:18:02] [Thread-11/WARN]: [gg.playit.control.ChannelSetup] Got IO error working with :control.playit.gg/2602:fbaf:848:0:0:0:0:1, error : java.net.SocketException: Network is unreachable
[01:18:03] [Thread-11/INFO]: [gg.playit.control.ChannelSetup] request queued, waiting 1 second before resend
[01:18:04] [Thread-11/INFO]: [gg.playit.control.ChannelSetup] request queued, waiting 1 second before resend
[01:18:05] [Thread-11/INFO]: [gg.playit.control.ChannelSetup] request queued, waiting 1 second before resend
[01:19:38] [Thread-11/INFO]: [gg.playit.minecraft.PlayitManager] got new client: NewClient{connectAddr=209.25.142.181:36506, peerAddr=27.2.112.145:58473, claimAddress=209.25.142.2:43784, claimToken=[44, 0, 60, -47, 25, -114, -75, -114, -102, 27, 2, 112, -111, -28, 105, 7, 25, 38, -105, -85, 8, 102, -83, -123, -86, 0, 0, 0, 0, 0, 9, -35, 127, 0, 0, 0, 0, 0, 53, 99, -109, -64, -105, -85, 8, 0, 0, 0, 0, 18, 0, 0, 0, 0, 0, 0, 0, 1, 0, 1, -104, 46, -59, 76, -86, -93, -79, -89, -61, 93, -105, 44, 22, 92, -17, -32], tunnelServerId=1, dataCenterId=18}
[01:19:38] [Thread-11/INFO]: [gg.playit.minecraft.PlayitManager] starting tcp tunnel for client
[01:19:38] [Thread-11/INFO]: [gg.playit.minecraft.PlayitTcpTunnel] start connection to /209.25.142.2:43784 to claim client
[01:19:38] [nioEventLoopGroup-2-1/INFO]: [gg.playit.minecraft.PlayitTcpTunnel] connected to tunnel server, sending claim token
[01:19:38] [nioEventLoopGroup-2-1/INFO]: [gg.playit.minecraft.PlayitTcpTunnel] claim token sent
[01:19:38] [nioEventLoopGroup-2-1/INFO]: [gg.playit.minecraft.PlayitTcpTunnel] connection to tunnel server has been established
[01:19:38] [nioEventLoopGroup-2-1/INFO]: [gg.playit.minecraft.PlayitTcpTunnel] Reflect: ReflectionHelper{ServerConnection=class net.minecraft.server.network.ServerConnectionListener, LegacyPingHandler=class net.minecraft.server.network.LegacyQueryHandler, MinecraftServer=class net.minecraft.server.MinecraftServer, PacketSplitter=class net.minecraft.network.Varint21FrameDecoder, PacketDecoder=class net.minecraft.network.PacketDecoder, EnumProtocolDirection=class net.minecraft.network.protocol.PacketFlow, PacketPrepender=class net.minecraft.network.Varint21LengthFieldPrepender, PacketEncoder=class net.minecraft.network.PacketEncoder, NetworkManagerServer=class net.minecraft.network.RateKickingConnection, NetworkManager=class net.minecraft.network.Connection, HandshakeListener=class net.minecraft.server.network.ServerHandshakePacketListenerImpl, PacketListener=interface net.minecraft.network.PacketListener, CraftServer=class org.bukkit.craftbukkit.CraftServer}
[01:19:38] [nioEventLoopGroup-2-1/INFO]: [gg.playit.minecraft.PlayitTcpTunnel] legacyPingHandler is null
[01:19:38] [nioEventLoopGroup-2-1/INFO]: [gg.playit.minecraft.PlayitTcpTunnel] connecting to minecraft server at localhost/127.0.0.1:25565
[01:19:38] [nioEventLoopGroup-2-2/INFO]: [gg.playit.minecraft.PlayitTcpTunnel] connected to local minecraft server
[01:19:41] [Thread-11/INFO]: [gg.playit.minecraft.PlayitManager] got new client: NewClient{connectAddr=209.25.142.181:36506, peerAddr=27.2.112.145:58476, claimAddress=209.25.142.2:43784, claimToken=[44, 0, 60, -47, 25, -114, -75, -114, -102, 27, 2, 112, -111, -28, 108, -73, 112, -48, 89, -85, 8, 102, -83, -123, -83, 0, 0, 0, 0, 0, 9, -35, 127, 0, 0, 0, 0, 0, 53, 99, -109, 87, 89, -85, 8, 0, 0, 0, 0, 18, 0, 0, 0, 0, 0, 0, 0, 4, 0, 1, -47, 6, -34, 76, -81, 55, 40, 19, 33, -91, -85, -54, -62, 64, -124, 103], tunnelServerId=4, dataCenterId=18}
[01:19:41] [Thread-11/INFO]: [gg.playit.minecraft.PlayitManager] starting tcp tunnel for client
[01:19:41] [Thread-11/INFO]: [gg.playit.minecraft.PlayitTcpTunnel] start connection to /209.25.142.2:43784 to claim client
[01:19:41] [nioEventLoopGroup-2-3/INFO]: [gg.playit.minecraft.PlayitTcpTunnel] connected to tunnel server, sending claim token
[01:19:41] [nioEventLoopGroup-2-3/INFO]: [gg.playit.minecraft.PlayitTcpTunnel] claim token sent
[01:19:41] [nioEventLoopGroup-2-3/INFO]: [gg.playit.minecraft.PlayitTcpTunnel] connection to tunnel server has been established
[01:19:41] [nioEventLoopGroup-2-3/INFO]: [gg.playit.minecraft.PlayitTcpTunnel] Reflect: ReflectionHelper{ServerConnection=class net.minecraft.server.network.ServerConnectionListener, LegacyPingHandler=class net.minecraft.server.network.LegacyQueryHandler, MinecraftServer=class net.minecraft.server.MinecraftServer, PacketSplitter=class net.minecraft.network.Varint21FrameDecoder, PacketDecoder=class net.minecraft.network.PacketDecoder, EnumProtocolDirection=class net.minecraft.network.protocol.PacketFlow, PacketPrepender=class net.minecraft.network.Varint21LengthFieldPrepender, PacketEncoder=class net.minecraft.network.PacketEncoder, NetworkManagerServer=class net.minecraft.network.RateKickingConnection, NetworkManager=class net.minecraft.network.Connection, HandshakeListener=class net.minecraft.server.network.ServerHandshakePacketListenerImpl, PacketListener=interface net.minecraft.network.PacketListener, CraftServer=class org.bukkit.craftbukkit.CraftServer}
[01:19:41] [nioEventLoopGroup-2-3/INFO]: [gg.playit.minecraft.PlayitTcpTunnel] legacyPingHandler is null
[01:19:41] [nioEventLoopGroup-2-3/INFO]: [gg.playit.minecraft.PlayitTcpTunnel] connecting to minecraft server at localhost/127.0.0.1:25565
[01:19:41] [nioEventLoopGroup-2-4/INFO]: [gg.playit.minecraft.PlayitTcpTunnel] connected to local minecraft server
[01:19:41] [User Authenticator #0/INFO]: UUID of player jtlw99 is aa30a08b-ca22-366b-9b89-7505569a8ff5
[01:19:46] [Server thread/INFO]: jtlw99 joined the game
[01:19:46] [Server thread/INFO]: jtlw99[/127.0.0.1:45072] logged in with entity id 71 at ([world]200.142967856477, 71.0, 1714.1524465788511)
[01:22:05] [Thread-11/INFO]: [gg.playit.control.ChannelSetup] send keep alive
[01:26:05] [Thread-11/INFO]: [gg.playit.control.ChannelSetup] send keep alive
[01:30:05] [Thread-11/INFO]: [gg.playit.control.ChannelSetup] send keep alive
[01:34:05] [Thread-11/INFO]: [gg.playit.control.ChannelSetup] send keep alive
[01:38:06] [Thread-11/INFO]: [gg.playit.control.ChannelSetup] send keep alive
[01:42:06] [Thread-11/INFO]: [gg.playit.control.ChannelSetup] send keep alive
